<?xml version="1.0" encoding="UTF-8"?>
<testng-results skipped="0" failed="0" ignored="0" total="4" passed="4">
  <reporter-output>
  </reporter-output>
  <suite name="mysuite" duration-ms="129" started-at="2019-09-18T12:31:41Z" finished-at="2019-09-18T12:31:41Z">
    <groups>
    </groups>
    <test name="myTest" duration-ms="129" started-at="2019-09-18T12:31:41Z" finished-at="2019-09-18T12:31:41Z">
      <class name="testng.Class2">
        <test-method status="PASS" signature="method1()[pri:0, instance:testng.Class2@1d7a715]" name="method1" duration-ms="32" started-at="2019-09-18T18:01:41Z" finished-at="2019-09-18T18:01:41Z">
          <reporter-output>
          </reporter-output>
        </test-method> <!-- method1 -->
        <test-method status="PASS" signature="method2()[pri:0, instance:testng.Class2@1d7a715]" name="method2" duration-ms="2" started-at="2019-09-18T18:01:41Z" finished-at="2019-09-18T18:01:41Z">
          <reporter-output>
          </reporter-output>
        </test-method> <!-- method2 -->
      </class> <!-- testng.Class2 -->
      <class name="testng.Class3">
        <test-method status="PASS" signature="method3()[pri:0, instance:testng.Class3@1f13d6e]" name="method3" duration-ms="3" started-at="2019-09-18T18:01:41Z" finished-at="2019-09-18T18:01:41Z">
          <reporter-output>
          </reporter-output>
        </test-method> <!-- method3 -->
        <test-method status="PASS" signature="method4()[pri:0, instance:testng.Class3@1f13d6e]" name="method4" duration-ms="3" started-at="2019-09-18T18:01:41Z" finished-at="2019-09-18T18:01:41Z">
          <reporter-output>
          </reporter-output>
        </test-method> <!-- method4 -->
      </class> <!-- testng.Class3 -->
    </test> <!-- myTest -->
  </suite> <!-- mysuite -->
</testng-results>
