<?xml version="1.0" encoding="UTF-8"?>
<!-- Generated by org.testng.reporters.JUnitXMLReporter -->
<testsuite hostname="classroom-PC" ignored="0" name="myTest" tests="4" failures="0" timestamp="18 Sep 2019 12:31:41 GMT" time="0.129" errors="0">
  <testcase name="method1" time="0.032" classname="testng.Class2"/>
  <testcase name="method2" time="0.002" classname="testng.Class2"/>
  <testcase name="method3" time="0.003" classname="testng.Class3"/>
  <testcase name="method4" time="0.003" classname="testng.Class3"/>
</testsuite> <!-- myTest -->
